<?xml version="1.0" encoding="UTF-8"?>
<!-- Generated by org.testng.reporters.JUnitXMLReporter -->
<testsuite ignored="1" hostname="LAPTOP-JD0NA4B0" failures="0" tests="2" name="Test" time="0.065" errors="0" timestamp="2024-02-08T22:41:46 IST">
  <testcase classname="TestNG.TestNG_Annotations" name="TestA" time="0.009"/>
  <testcase classname="TestNG.TestNG_Annotations" name="TestB" time="0.001"/>
  <testcase classname="TestNG.TestNG_Annotations" name="TestC" time="0.0">
    <ignored/>
  </testcase> <!-- TestC -->
</testsuite> <!-- Test -->
